<?xml version="1.0" encoding="UTF-8"?>
<!-- Generated by org.testng.reporters.JUnitXMLReporter -->
<testsuite hostname="ANA-PC" name="Default test" tests="1" failures="1" timestamp="21 Jan 2017 17:36:09 GMT" time="20.085" errors="0">
  <testcase name="testComment" time="14.439" classname="tim9.Selenium.advertisement.TestComment">
    <failure type="java.lang.AssertionError" message="expected:&amp;lt;14&amp;gt; but was:&amp;lt;13&amp;gt;">
      <![CDATA[java.lang.AssertionError: expected:<14> but was:<13>
	at tim9.Selenium.advertisement.TestComment.testComment(TestComment.java:78)
... Removed 29 stack frames]]>
    </failure>
  </testcase> <!-- testComment -->
</testsuite> <!-- Default test -->
